[2016-08-23 10:40:49,749] - INFO - [PASSED]
[2016-08-23 10:40:49,749] - INFO - TEST CASE ENDED

[2016-08-23 10:40:49,751] - INFO - TEST CASE STARTED
[2016-08-23 10:40:49,751] - INFO - test_write_cache_enable
[2016-08-23 10:40:49,758] - INFO - [PASSED]
[2016-08-23 10:40:49,758] - INFO - TEST CASE ENDED

[2016-08-23 10:40:49,759] - INFO - TEST CASE STARTED
[2016-08-23 10:40:49,759] - INFO - test_write_cache_disable
[2016-08-23 10:40:49,777] - INFO - [PASSED]
[2016-08-23 10:40:49,777] - INFO - TEST CASE ENDED

[2016-08-23 10:40:49,777] - INFO - TEST CASE STARTED
[2016-08-23 10:40:49,777] - INFO - test_identify
[2016-08-23 10:40:49,788] - INFO - TEST CASE STARTED
[2016-08-23 10:40:49,788] - INFO - test_writesector
[2016-08-23 10:40:49,834] - INFO - [PASSED]
[2016-08-23 10:40:49,835] - INFO - TEST CASE ENDED

[2016-08-23 10:40:49,835] - INFO - TEST CASE STARTED
[2016-08-23 10:40:49,835] - INFO - test_readsector
[2016-08-23 10:40:49,864] - INFO - [PASSED]
[2016-08-23 10:40:49,865] - INFO - TEST CASE ENDED

[2016-08-23 10:40:49,865] - INFO - 
Total Number of test cases : 5 
	 Total PASSED: 5 
	 Total FAILED: 0
